
> ar-postcard-app@0.1.0 build
> next build

  Γû▓ Next.js 14.2.31
  - Environments: .env.local

   Creating an optimized production build ...
 Γ£ô Compiled successfully
   Linting and checking validity of types ...

./src/hooks/useUpload.ts
254:6  Warning: React Hook useCallback has a missing dependency: 'DEFAULT_UPLOAD_TIMEOUT_MS'. Either include it or remove the dependency array.  react-hooks/exhaustive-deps

info  - Need to disable some ESLint rules? Learn more here: https://nextjs.org/docs/basic-features/eslint#disabling-rules
   Collecting page data ...
   Generating static pages (0/9) ...
   Generating static pages (2/9) 
   Generating static pages (4/9) 
   Generating static pages (6/9) 
 Γ£ô Generating static pages (9/9)
   Finalizing page optimization ...
   Collecting build traces ...

Route (app)                              Size     First Load JS
Γöî ╞Æ /                                    2.13 kB         156 kB
Γö£ Γùï /_not-found                          873 B          88.1 kB
Γö£ ╞Æ /api/ar/camera-params                0 B                0 B
Γö£ ╞Æ /api/nft/generate                    0 B                0 B
Γö£ ╞Æ /api/postcards                       0 B                0 B
Γö£ ╞Æ /api/postcards/[id]                  0 B                0 B
Γö£ ╞Æ /ar/[postcardId]                     8.19 kB         109 kB
Γö£ Γùï /dashboard                           14.1 kB         220 kB
Γö£ Γùï /dashboard/new                       8.59 kB         196 kB
Γö£ ╞Æ /dashboard/postcard/[id]             4.74 kB         197 kB
Γö£ Γùï /help                                4.12 kB         158 kB
Γö£ ╞Æ /share/[postcardId]                  3.52 kB         118 kB
Γö£ ╞Æ /sign-in/[[...sign-in]]              2.11 kB         122 kB
Γöö ╞Æ /sign-up/[[...sign-up]]              2.11 kB         122 kB
+ First Load JS shared by all            87.2 kB
  Γö£ chunks/117-3e07815a14e7ff73.js       31.6 kB
  Γö£ chunks/fd9d1056-e909725a32d3bcc8.js  53.6 kB
  Γöö other shared chunks (total)          1.96 kB


╞Æ Middleware                             72 kB

Γùï  (Static)   prerendered as static content
╞Æ  (Dynamic)  server-rendered on demand

