== npm run build ==

> ar-postcard-app@0.1.0 build
> next build

  Γû▓ Next.js 14.2.31
  - Environments: .env.local

   Creating an optimized production build ...
 Γ£ô Compiled successfully
   Linting and checking validity of types ...

./src/hooks/useUpload.ts
254:6  Warning: React Hook useCallback has a missing dependency: 'DEFAULT_UPLOAD_TIMEOUT_MS'. Either include it or remove the dependency array.  react-hooks/exhaustive-deps

info  - Need to disable some ESLint rules? Learn more here: https://nextjs.org/docs/basic-features/eslint#disabling-rules
Failed to compile.

./src/app/icon-512.png/route.ts:32:27
Type error: Argument of type 'Buffer<ArrayBufferLike>' is not assignable to parameter of type 'BodyInit | null | undefined'.
  Type 'Buffer<ArrayBufferLike>' is missing the following properties from type 'URLSearchParams': size, append, delete, get, and 2 more.

  30 |   }
  31 |
> 32 |   return new NextResponse(data, {
     |                           ^
  33 |     status: 200,
  34 |     headers: {
  35 |       'Content-Type': ct,
Next.js build worker exited with code: 1 and signal: null
